2025-01-18 15:05:13,696 - INFO - 日志文件已创建: logs/pvt_fcn_output_224_512_20250118_150513.log
2025-01-18 15:05:44,274 - INFO - acc: 0.895887686998208, acc_cls: 0.37437312822209606, iu: [0.91164885 0.07207055 0.07090371 0.01400264], mean_iu: 0.2671564375304012, fwavacc:0.8765960897948375
2025-01-18 15:06:12,113 - INFO - acc: 0.9488839163445286, acc_cls: 0.28754860527457915, iu: [0.95737013 0.06274372 0.00380519 0.00221159], mean_iu: 0.2565326585247518, fwavacc:0.91921498095069
2025-01-18 15:06:39,862 - INFO - acc: 0.9545293358788108, acc_cls: 0.24878987849882983, iu: [0.95452939 0.         0.         0.        ], mean_iu: 0.23863234855837198, fwavacc:0.915558054704766
2025-01-18 15:07:08,843 - INFO - acc: 0.9569479389603809, acc_cls: 0.2495316787443172, iu: [9.56963363e-01 5.47445074e-05 2.75315930e-04 1.07881497e-04], mean_iu: 0.23935032619328384, fwavacc:0.9178987196272129
2025-01-18 15:07:37,189 - INFO - acc: 0.9585279295407771, acc_cls: 0.24986480846262032, iu: [9.58531106e-01 1.19980454e-05 6.60543499e-05 5.35880084e-05], mean_iu: 0.23966568669629307, fwavacc:0.9193981883115002
2025-01-18 15:08:05,171 - INFO - acc: 0.9590559634992801, acc_cls: 0.2499699938567824, iu: [9.59056007e-01 0.00000000e+00 0.00000000e+00 1.17041335e-06], mean_iu: 0.23976429431510482, fwavacc:0.9198998709416711
2025-01-18 15:08:32,890 - INFO - acc: 0.9590963275527811, acc_cls: 0.24998022567933437, iu: [0.95909633 0.         0.         0.        ], mean_iu: 0.23977408188819527, fwavacc:0.919938530163184
2025-01-18 15:09:02,097 - INFO - acc: 0.9590708803172343, acc_cls: 0.2499786035106397, iu: [9.59071118e-01 2.01858670e-05 0.00000000e+00 0.00000000e+00], mean_iu: 0.23977282602796926, fwavacc:0.9199146232702621
2025-01-18 15:09:28,548 - INFO - acc: 0.9590658978554996, acc_cls: 0.24997229443992153, iu: [0.9590659 0.        0.        0.       ], mean_iu: 0.2397664744638749, fwavacc:0.9199093428436351
2025-01-18 15:09:54,982 - INFO - acc: 0.9591043667395064, acc_cls: 0.24998232102435253, iu: [0.95910437 0.         0.         0.        ], mean_iu: 0.2397760916848766, fwavacc:0.9199462411275652
2025-01-18 15:10:22,064 - INFO - acc: 0.9591308226943002, acc_cls: 0.24999053813247102, iu: [9.59130908e-01 0.00000000e+00 5.36501410e-06 0.00000000e+00], mean_iu: 0.23978406813481062, fwavacc:0.9199717747148051
2025-01-18 15:10:49,668 - INFO - acc: 0.9591590209823385, acc_cls: 0.24999656618363944, iu: [0.95915902 0.         0.         0.        ], mean_iu: 0.23978975524558463, fwavacc:0.9199986639576541
2025-01-18 15:11:16,842 - INFO - acc: 0.9591398858838973, acc_cls: 0.249993777565646, iu: [9.59140027e-01 6.76039580e-06 2.14633958e-06 0.00000000e+00], mean_iu: 0.23978723355368284, fwavacc:0.9199805679719739
2025-01-18 15:11:42,898 - INFO - acc: 0.9590200775478903, acc_cls: 0.24996702801255513, iu: [9.59020678e-01 1.67604132e-05 4.29199286e-06 5.85186815e-06], mean_iu: 0.23976189559944022, fwavacc:0.9198663336633983
2025-01-18 15:12:10,106 - INFO - acc: 0.9591546804328518, acc_cls: 0.24999543485667147, iu: [0.95915468 0.         0.         0.        ], mean_iu: 0.23978867010821295, fwavacc:0.9199945006232733
2025-01-18 15:12:37,493 - INFO - acc: 0.959172195467048, acc_cls: 0.25, iu: [0.9591722 0.        0.        0.       ], mean_iu: 0.239793048866762, fwavacc:0.9200113005570769
2025-01-18 15:13:04,700 - INFO - acc: 0.9591717369582994, acc_cls: 0.24999988049363014, iu: [0.95917174 0.         0.         0.        ], mean_iu: 0.23979293423957485, fwavacc:0.9200108607682339
2025-01-18 15:13:31,762 - INFO - acc: 0.9591721801834231, acc_cls: 0.24999999601645434, iu: [0.95917218 0.         0.         0.        ], mean_iu: 0.23979304504585577, fwavacc:0.9200112858974488
2025-01-18 15:13:58,307 - INFO - acc: 0.959172195467048, acc_cls: 0.25, iu: [0.9591722 0.        0.        0.       ], mean_iu: 0.239793048866762, fwavacc:0.9200113005570769
2025-01-18 15:14:25,248 - INFO - acc: 0.959172195467048, acc_cls: 0.25, iu: [0.9591722 0.        0.        0.       ], mean_iu: 0.239793048866762, fwavacc:0.9200113005570769
2025-01-18 15:14:52,139 - INFO - acc: 0.959172195467048, acc_cls: 0.25, iu: [0.9591722 0.        0.        0.       ], mean_iu: 0.239793048866762, fwavacc:0.9200113005570769
2025-01-18 15:15:19,324 - INFO - acc: 0.959172195467048, acc_cls: 0.25, iu: [0.9591722 0.        0.        0.       ], mean_iu: 0.239793048866762, fwavacc:0.9200113005570769
2025-01-18 15:15:45,970 - INFO - acc: 0.959172195467048, acc_cls: 0.25, iu: [0.9591722 0.        0.        0.       ], mean_iu: 0.239793048866762, fwavacc:0.9200113005570769
2025-01-18 15:16:12,224 - INFO - acc: 0.959172195467048, acc_cls: 0.25, iu: [0.9591722 0.        0.        0.       ], mean_iu: 0.239793048866762, fwavacc:0.9200113005570769
2025-01-18 15:16:38,405 - INFO - acc: 0.959172195467048, acc_cls: 0.25, iu: [0.9591722 0.        0.        0.       ], mean_iu: 0.239793048866762, fwavacc:0.9200113005570769
2025-01-18 15:17:05,941 - INFO - acc: 0.959172195467048, acc_cls: 0.25, iu: [0.9591722 0.        0.        0.       ], mean_iu: 0.239793048866762, fwavacc:0.9200113005570769
2025-01-18 15:17:32,732 - INFO - acc: 0.959172195467048, acc_cls: 0.25, iu: [0.9591722 0.        0.        0.       ], mean_iu: 0.239793048866762, fwavacc:0.9200113005570769
2025-01-18 15:17:59,681 - INFO - acc: 0.959172195467048, acc_cls: 0.25, iu: [0.9591722 0.        0.        0.       ], mean_iu: 0.239793048866762, fwavacc:0.9200113005570769
2025-01-18 15:18:26,660 - INFO - acc: 0.959172195467048, acc_cls: 0.25, iu: [0.9591722 0.        0.        0.       ], mean_iu: 0.239793048866762, fwavacc:0.9200113005570769
2025-01-18 15:18:54,114 - INFO - acc: 0.959172195467048, acc_cls: 0.25, iu: [0.9591722 0.        0.        0.       ], mean_iu: 0.239793048866762, fwavacc:0.9200113005570769
2025-01-18 15:19:21,303 - INFO - acc: 0.959172195467048, acc_cls: 0.25, iu: [0.9591722 0.        0.        0.       ], mean_iu: 0.239793048866762, fwavacc:0.9200113005570769
2025-01-18 15:19:47,659 - INFO - acc: 0.959172195467048, acc_cls: 0.25, iu: [0.9591722 0.        0.        0.       ], mean_iu: 0.239793048866762, fwavacc:0.9200113005570769
2025-01-18 15:20:14,599 - INFO - acc: 0.959172195467048, acc_cls: 0.25, iu: [0.9591722 0.        0.        0.       ], mean_iu: 0.239793048866762, fwavacc:0.9200113005570769
2025-01-18 15:20:42,794 - INFO - acc: 0.959172195467048, acc_cls: 0.25, iu: [0.9591722 0.        0.        0.       ], mean_iu: 0.239793048866762, fwavacc:0.9200113005570769
2025-01-18 15:21:11,609 - INFO - acc: 0.959172195467048, acc_cls: 0.25, iu: [0.9591722 0.        0.        0.       ], mean_iu: 0.239793048866762, fwavacc:0.9200113005570769
2025-01-18 15:21:38,792 - INFO - acc: 0.959172195467048, acc_cls: 0.25, iu: [0.9591722 0.        0.        0.       ], mean_iu: 0.239793048866762, fwavacc:0.9200113005570769
2025-01-18 15:22:06,284 - INFO - acc: 0.959172195467048, acc_cls: 0.25, iu: [0.9591722 0.        0.        0.       ], mean_iu: 0.239793048866762, fwavacc:0.9200113005570769
2025-01-18 15:22:33,263 - INFO - acc: 0.959172195467048, acc_cls: 0.25, iu: [0.9591722 0.        0.        0.       ], mean_iu: 0.239793048866762, fwavacc:0.9200113005570769
2025-01-18 15:23:00,744 - INFO - acc: 0.959172195467048, acc_cls: 0.25, iu: [0.9591722 0.        0.        0.       ], mean_iu: 0.239793048866762, fwavacc:0.9200113005570769
2025-01-18 15:23:27,770 - INFO - acc: 0.959172195467048, acc_cls: 0.25, iu: [0.9591722 0.        0.        0.       ], mean_iu: 0.239793048866762, fwavacc:0.9200113005570769
2025-01-18 15:23:55,412 - INFO - acc: 0.959172195467048, acc_cls: 0.25, iu: [0.9591722 0.        0.        0.       ], mean_iu: 0.239793048866762, fwavacc:0.9200113005570769
2025-01-18 15:24:22,192 - INFO - acc: 0.959172195467048, acc_cls: 0.25, iu: [0.9591722 0.        0.        0.       ], mean_iu: 0.239793048866762, fwavacc:0.9200113005570769
2025-01-18 15:24:48,566 - INFO - acc: 0.959172195467048, acc_cls: 0.25, iu: [0.9591722 0.        0.        0.       ], mean_iu: 0.239793048866762, fwavacc:0.9200113005570769
2025-01-18 15:25:16,120 - INFO - acc: 0.959172195467048, acc_cls: 0.25, iu: [0.9591722 0.        0.        0.       ], mean_iu: 0.239793048866762, fwavacc:0.9200113005570769
2025-01-18 15:25:42,274 - INFO - acc: 0.959172195467048, acc_cls: 0.25, iu: [0.9591722 0.        0.        0.       ], mean_iu: 0.239793048866762, fwavacc:0.9200113005570769
2025-01-18 15:26:07,729 - INFO - acc: 0.959172195467048, acc_cls: 0.25, iu: [0.9591722 0.        0.        0.       ], mean_iu: 0.239793048866762, fwavacc:0.9200113005570769
2025-01-18 15:26:34,231 - INFO - acc: 0.959172195467048, acc_cls: 0.25, iu: [0.9591722 0.        0.        0.       ], mean_iu: 0.239793048866762, fwavacc:0.9200113005570769
2025-01-18 15:27:01,070 - INFO - acc: 0.959172195467048, acc_cls: 0.25, iu: [0.9591722 0.        0.        0.       ], mean_iu: 0.239793048866762, fwavacc:0.9200113005570769
2025-01-18 15:27:26,577 - INFO - acc: 0.959172195467048, acc_cls: 0.25, iu: [0.9591722 0.        0.        0.       ], mean_iu: 0.239793048866762, fwavacc:0.9200113005570769
2025-01-18 15:27:52,149 - INFO - acc: 0.959172195467048, acc_cls: 0.25, iu: [0.9591722 0.        0.        0.       ], mean_iu: 0.239793048866762, fwavacc:0.9200113005570769
2025-01-18 15:28:17,349 - INFO - acc: 0.959172195467048, acc_cls: 0.25, iu: [0.9591722 0.        0.        0.       ], mean_iu: 0.239793048866762, fwavacc:0.9200113005570769
2025-01-18 15:28:43,793 - INFO - acc: 0.959172195467048, acc_cls: 0.25, iu: [0.9591722 0.        0.        0.       ], mean_iu: 0.239793048866762, fwavacc:0.9200113005570769
2025-01-18 15:29:11,727 - INFO - acc: 0.959172195467048, acc_cls: 0.25, iu: [0.9591722 0.        0.        0.       ], mean_iu: 0.239793048866762, fwavacc:0.9200113005570769
2025-01-18 15:29:35,911 - INFO - acc: 0.959172195467048, acc_cls: 0.25, iu: [0.9591722 0.        0.        0.       ], mean_iu: 0.239793048866762, fwavacc:0.9200113005570769
2025-01-18 15:30:01,113 - INFO - acc: 0.959172195467048, acc_cls: 0.25, iu: [0.9591722 0.        0.        0.       ], mean_iu: 0.239793048866762, fwavacc:0.9200113005570769
2025-01-18 15:30:27,258 - INFO - acc: 0.959172195467048, acc_cls: 0.25, iu: [0.9591722 0.        0.        0.       ], mean_iu: 0.239793048866762, fwavacc:0.9200113005570769
2025-01-18 15:30:54,059 - INFO - acc: 0.959172195467048, acc_cls: 0.25, iu: [0.9591722 0.        0.        0.       ], mean_iu: 0.239793048866762, fwavacc:0.9200113005570769
2025-01-18 15:31:20,192 - INFO - acc: 0.959172195467048, acc_cls: 0.25, iu: [0.9591722 0.        0.        0.       ], mean_iu: 0.239793048866762, fwavacc:0.9200113005570769
2025-01-18 15:31:44,572 - INFO - acc: 0.9590703759576108, acc_cls: 0.24998774745195437, iu: [9.59072513e-01 4.48807854e-05 1.07301318e-06 1.16959201e-05], mean_iu: 0.2397825407935653, fwavacc:0.9199164636693218
2025-01-18 15:32:08,597 - INFO - acc: 0.959172195467048, acc_cls: 0.25, iu: [0.9591722 0.        0.        0.       ], mean_iu: 0.239793048866762, fwavacc:0.9200113005570769
2025-01-18 15:32:36,126 - INFO - acc: 0.959172195467048, acc_cls: 0.25, iu: [0.9591722 0.        0.        0.       ], mean_iu: 0.239793048866762, fwavacc:0.9200113005570769
2025-01-18 15:33:03,429 - INFO - acc: 0.959172195467048, acc_cls: 0.25, iu: [0.9591722 0.        0.        0.       ], mean_iu: 0.239793048866762, fwavacc:0.9200113005570769
2025-01-18 15:33:30,539 - INFO - acc: 0.959172195467048, acc_cls: 0.25, iu: [0.9591722 0.        0.        0.       ], mean_iu: 0.239793048866762, fwavacc:0.9200113005570769
2025-01-18 15:33:57,061 - INFO - acc: 0.959172195467048, acc_cls: 0.25, iu: [0.9591722 0.        0.        0.       ], mean_iu: 0.239793048866762, fwavacc:0.9200113005570769
2025-01-18 15:34:24,553 - INFO - acc: 0.959172195467048, acc_cls: 0.25, iu: [0.9591722 0.        0.        0.       ], mean_iu: 0.239793048866762, fwavacc:0.9200113005570769
2025-01-18 15:34:51,471 - INFO - acc: 0.959172195467048, acc_cls: 0.25, iu: [0.9591722 0.        0.        0.       ], mean_iu: 0.239793048866762, fwavacc:0.9200113005570769
2025-01-18 15:35:17,594 - INFO - acc: 0.959172195467048, acc_cls: 0.25, iu: [0.9591722 0.        0.        0.       ], mean_iu: 0.239793048866762, fwavacc:0.9200113005570769
2025-01-18 15:35:43,896 - INFO - acc: 0.959172195467048, acc_cls: 0.25, iu: [0.9591722 0.        0.        0.       ], mean_iu: 0.239793048866762, fwavacc:0.9200113005570769
2025-01-18 15:36:09,954 - INFO - acc: 0.959172195467048, acc_cls: 0.25, iu: [0.9591722 0.        0.        0.       ], mean_iu: 0.239793048866762, fwavacc:0.9200113005570769
2025-01-18 15:36:37,032 - INFO - acc: 0.959172195467048, acc_cls: 0.25, iu: [0.9591722 0.        0.        0.       ], mean_iu: 0.239793048866762, fwavacc:0.9200113005570769
2025-01-18 15:37:04,911 - INFO - acc: 0.959172195467048, acc_cls: 0.25, iu: [0.9591722 0.        0.        0.       ], mean_iu: 0.239793048866762, fwavacc:0.9200113005570769
2025-01-18 15:37:31,546 - INFO - acc: 0.959172195467048, acc_cls: 0.25, iu: [0.9591722 0.        0.        0.       ], mean_iu: 0.239793048866762, fwavacc:0.9200113005570769
2025-01-18 15:37:58,676 - INFO - acc: 0.959172195467048, acc_cls: 0.25, iu: [0.9591722 0.        0.        0.       ], mean_iu: 0.239793048866762, fwavacc:0.9200113005570769
2025-01-18 15:38:25,434 - INFO - acc: 0.959172195467048, acc_cls: 0.25, iu: [0.9591722 0.        0.        0.       ], mean_iu: 0.239793048866762, fwavacc:0.9200113005570769
2025-01-18 15:38:53,304 - INFO - acc: 0.959172195467048, acc_cls: 0.25, iu: [0.9591722 0.        0.        0.       ], mean_iu: 0.239793048866762, fwavacc:0.9200113005570769
2025-01-18 15:39:20,915 - INFO - acc: 0.959172195467048, acc_cls: 0.25, iu: [0.9591722 0.        0.        0.       ], mean_iu: 0.239793048866762, fwavacc:0.9200113005570769
2025-01-18 15:39:48,428 - INFO - acc: 0.959172195467048, acc_cls: 0.25, iu: [0.9591722 0.        0.        0.       ], mean_iu: 0.239793048866762, fwavacc:0.9200113005570769
2025-01-18 15:40:15,978 - INFO - acc: 0.959172195467048, acc_cls: 0.25, iu: [0.9591722 0.        0.        0.       ], mean_iu: 0.239793048866762, fwavacc:0.9200113005570769
2025-01-18 15:40:43,195 - INFO - acc: 0.959172195467048, acc_cls: 0.25, iu: [0.9591722 0.        0.        0.       ], mean_iu: 0.239793048866762, fwavacc:0.9200113005570769
2025-01-18 15:41:11,914 - INFO - acc: 0.959172195467048, acc_cls: 0.25, iu: [0.9591722 0.        0.        0.       ], mean_iu: 0.239793048866762, fwavacc:0.9200113005570769
2025-01-18 15:41:38,259 - INFO - acc: 0.959172195467048, acc_cls: 0.25, iu: [0.9591722 0.        0.        0.       ], mean_iu: 0.239793048866762, fwavacc:0.9200113005570769
2025-01-18 15:42:05,063 - INFO - acc: 0.959172195467048, acc_cls: 0.25, iu: [0.9591722 0.        0.        0.       ], mean_iu: 0.239793048866762, fwavacc:0.9200113005570769
2025-01-18 15:42:32,420 - INFO - acc: 0.959172195467048, acc_cls: 0.25, iu: [0.9591722 0.        0.        0.       ], mean_iu: 0.239793048866762, fwavacc:0.9200113005570769
2025-01-18 15:43:00,521 - INFO - acc: 0.959172195467048, acc_cls: 0.25, iu: [0.9591722 0.        0.        0.       ], mean_iu: 0.239793048866762, fwavacc:0.9200113005570769
2025-01-18 15:43:28,302 - INFO - acc: 0.959172195467048, acc_cls: 0.25, iu: [0.9591722 0.        0.        0.       ], mean_iu: 0.239793048866762, fwavacc:0.9200113005570769
2025-01-18 15:43:54,923 - INFO - acc: 0.959172195467048, acc_cls: 0.25, iu: [0.9591722 0.        0.        0.       ], mean_iu: 0.239793048866762, fwavacc:0.9200113005570769
2025-01-18 15:44:22,530 - INFO - acc: 0.959172195467048, acc_cls: 0.25, iu: [0.9591722 0.        0.        0.       ], mean_iu: 0.239793048866762, fwavacc:0.9200113005570769
2025-01-18 15:44:49,981 - INFO - acc: 0.959172195467048, acc_cls: 0.25, iu: [0.9591722 0.        0.        0.       ], mean_iu: 0.239793048866762, fwavacc:0.9200113005570769
2025-01-18 15:45:18,001 - INFO - acc: 0.959172195467048, acc_cls: 0.25, iu: [0.9591722 0.        0.        0.       ], mean_iu: 0.239793048866762, fwavacc:0.9200113005570769
2025-01-18 15:45:44,943 - INFO - acc: 0.959172195467048, acc_cls: 0.25, iu: [0.9591722 0.        0.        0.       ], mean_iu: 0.239793048866762, fwavacc:0.9200113005570769
2025-01-18 15:46:14,663 - INFO - acc: 0.959172195467048, acc_cls: 0.25, iu: [0.9591722 0.        0.        0.       ], mean_iu: 0.239793048866762, fwavacc:0.9200113005570769
2025-01-18 15:46:42,157 - INFO - acc: 0.959172195467048, acc_cls: 0.25, iu: [0.9591722 0.        0.        0.       ], mean_iu: 0.239793048866762, fwavacc:0.9200113005570769
2025-01-18 15:47:10,504 - INFO - acc: 0.959172195467048, acc_cls: 0.25, iu: [0.9591722 0.        0.        0.       ], mean_iu: 0.239793048866762, fwavacc:0.9200113005570769
2025-01-18 15:47:38,478 - INFO - acc: 0.959172195467048, acc_cls: 0.25, iu: [0.9591722 0.        0.        0.       ], mean_iu: 0.239793048866762, fwavacc:0.9200113005570769
2025-01-18 15:48:06,569 - INFO - acc: 0.959172195467048, acc_cls: 0.25, iu: [0.9591722 0.        0.        0.       ], mean_iu: 0.239793048866762, fwavacc:0.9200113005570769
2025-01-18 15:48:34,388 - INFO - acc: 0.959172195467048, acc_cls: 0.25, iu: [0.9591722 0.        0.        0.       ], mean_iu: 0.239793048866762, fwavacc:0.9200113005570769
2025-01-18 15:49:03,965 - INFO - acc: 0.959172195467048, acc_cls: 0.25, iu: [0.9591722 0.        0.        0.       ], mean_iu: 0.239793048866762, fwavacc:0.9200113005570769
2025-01-18 15:49:31,566 - INFO - acc: 0.959172195467048, acc_cls: 0.25, iu: [0.9591722 0.        0.        0.       ], mean_iu: 0.239793048866762, fwavacc:0.9200113005570769
2025-01-18 15:49:59,920 - INFO - acc: 0.959172195467048, acc_cls: 0.25, iu: [0.9591722 0.        0.        0.       ], mean_iu: 0.239793048866762, fwavacc:0.9200113005570769
2025-01-18 15:50:28,260 - INFO - acc: 0.959172195467048, acc_cls: 0.25, iu: [0.9591722 0.        0.        0.       ], mean_iu: 0.239793048866762, fwavacc:0.9200113005570769
2025-01-18 15:50:56,815 - INFO - acc: 0.959172195467048, acc_cls: 0.25, iu: [0.9591722 0.        0.        0.       ], mean_iu: 0.239793048866762, fwavacc:0.9200113005570769
2025-01-18 15:51:24,634 - INFO - acc: 0.959172195467048, acc_cls: 0.25, iu: [0.9591722 0.        0.        0.       ], mean_iu: 0.239793048866762, fwavacc:0.9200113005570769
2025-01-18 15:51:51,627 - INFO - acc: 0.959172195467048, acc_cls: 0.25, iu: [0.9591722 0.        0.        0.       ], mean_iu: 0.239793048866762, fwavacc:0.9200113005570769
2025-01-18 15:52:20,166 - INFO - acc: 0.959172195467048, acc_cls: 0.25, iu: [0.9591722 0.        0.        0.       ], mean_iu: 0.239793048866762, fwavacc:0.9200113005570769
2025-01-18 15:52:47,926 - INFO - acc: 0.959172195467048, acc_cls: 0.25, iu: [0.9591722 0.        0.        0.       ], mean_iu: 0.239793048866762, fwavacc:0.9200113005570769
2025-01-18 15:53:16,058 - INFO - acc: 0.959172195467048, acc_cls: 0.25, iu: [0.9591722 0.        0.        0.       ], mean_iu: 0.239793048866762, fwavacc:0.9200113005570769
2025-01-18 15:53:43,518 - INFO - acc: 0.959172195467048, acc_cls: 0.25, iu: [0.9591722 0.        0.        0.       ], mean_iu: 0.239793048866762, fwavacc:0.9200113005570769
2025-01-18 15:54:10,218 - INFO - acc: 0.959172195467048, acc_cls: 0.25, iu: [0.9591722 0.        0.        0.       ], mean_iu: 0.239793048866762, fwavacc:0.9200113005570769
2025-01-18 15:54:37,555 - INFO - acc: 0.959172195467048, acc_cls: 0.25, iu: [0.9591722 0.        0.        0.       ], mean_iu: 0.239793048866762, fwavacc:0.9200113005570769
2025-01-18 15:55:06,060 - INFO - acc: 0.959172195467048, acc_cls: 0.25, iu: [0.9591722 0.        0.        0.       ], mean_iu: 0.239793048866762, fwavacc:0.9200113005570769
2025-01-18 15:55:33,971 - INFO - acc: 0.959172195467048, acc_cls: 0.25, iu: [0.9591722 0.        0.        0.       ], mean_iu: 0.239793048866762, fwavacc:0.9200113005570769
