2025-01-18 15:55:40,703 - INFO - 日志文件已创建: logs/pvt_fcn_output_224_512_20250118_155540.log
2025-01-18 15:56:10,665 - INFO - acc: 0.8883238515761941, acc_cls: 0.35149845466377305, iu: [0.90261096 0.06449328 0.02623378 0.04491256], mean_iu: 0.25956264599129164, fwavacc:0.8675919923492824
2025-01-18 15:56:37,581 - INFO - acc: 0.9507283594874875, acc_cls: 0.2477991866268994, iu: [0.95072836 0.         0.         0.        ], mean_iu: 0.23768208987187187, fwavacc:0.9119122078623982
2025-01-18 15:57:05,520 - INFO - acc: 0.9561308305195161, acc_cls: 0.24920729433101138, iu: [0.95613083 0.         0.         0.        ], mean_iu: 0.23903270762987902, fwavacc:0.9170941078631363
2025-01-18 15:57:34,502 - INFO - acc: 0.956072263668696, acc_cls: 0.2492228735555227, iu: [9.56076735e-01 1.02001549e-05 2.24320389e-05 8.95334262e-05], mean_iu: 0.23904972513680714, fwavacc:0.9170438471189772
2025-01-18 15:58:03,699 - INFO - acc: 0.9563403690176224, acc_cls: 0.24926190874203596, iu: [0.95634037 0.         0.         0.        ], mean_iu: 0.2390850922544056, fwavacc:0.9172950913643998
2025-01-18 15:58:32,548 - INFO - acc: 0.9562939832158899, acc_cls: 0.2492498186809521, iu: [0.95629398 0.         0.         0.        ], mean_iu: 0.23907349580397247, fwavacc:0.9172505993931135
2025-01-18 15:59:00,917 - INFO - acc: 0.9562842016959199, acc_cls: 0.2492472692117285, iu: [0.9562842 0.        0.        0.       ], mean_iu: 0.23907105042397997, fwavacc:0.9172412172311288
2025-01-18 15:59:28,764 - INFO - acc: 0.9562670840359725, acc_cls: 0.24924280764058718, iu: [0.95626708 0.         0.         0.        ], mean_iu: 0.23906677100899312, fwavacc:0.9172247984476558
2025-01-18 15:59:56,551 - INFO - acc: 0.9563502269557171, acc_cls: 0.2492644781289879, iu: [0.95635023 0.         0.         0.        ], mean_iu: 0.23908755673892929, fwavacc:0.9173045468245249
2025-01-18 16:00:23,273 - INFO - acc: 0.9562621932759875, acc_cls: 0.24924153290597537, iu: [0.95626219 0.         0.         0.        ], mean_iu: 0.23906554831899687, fwavacc:0.9172201073666635
2025-01-18 16:00:49,552 - INFO - acc: 0.9562890924559049, acc_cls: 0.2492485439463403, iu: [0.95628909 0.         0.         0.        ], mean_iu: 0.23907227311397622, fwavacc:0.9172459083121212
2025-01-18 16:01:16,713 - INFO - acc: 0.9563575630956945, acc_cls: 0.24926639023090558, iu: [0.95635756 0.         0.         0.        ], mean_iu: 0.23908939077392363, fwavacc:0.9173115834460133
2025-01-18 16:01:42,979 - INFO - acc: 0.956269529415965, acc_cls: 0.24924344500789308, iu: [0.95626953 0.         0.         0.        ], mean_iu: 0.23906738235399125, fwavacc:0.917227143988152
2025-01-18 16:02:09,764 - INFO - acc: 0.9562890924559049, acc_cls: 0.2492485439463403, iu: [0.95628909 0.         0.         0.        ], mean_iu: 0.23907227311397622, fwavacc:0.9172459083121212
2025-01-18 16:02:37,933 - INFO - acc: 0.9562670840359725, acc_cls: 0.24924280764058718, iu: [0.95626708 0.         0.         0.        ], mean_iu: 0.23906677100899312, fwavacc:0.9172247984476558
2025-01-18 16:03:06,055 - INFO - acc: 0.9562524117560176, acc_cls: 0.24923898343675174, iu: [0.95625241 0.         0.         0.        ], mean_iu: 0.2390631029390044, fwavacc:0.9172107252046791
2025-01-18 16:03:33,023 - INFO - acc: 0.9562670840359725, acc_cls: 0.24924280764058718, iu: [0.95626708 0.         0.         0.        ], mean_iu: 0.23906677100899312, fwavacc:0.9172247984476558
2025-01-18 16:04:00,597 - INFO - acc: 0.9563037647358599, acc_cls: 0.2492523681501757, iu: [0.95630376 0.         0.         0.        ], mean_iu: 0.23907594118396497, fwavacc:0.9172599815550981
2025-01-18 16:04:28,993 - INFO - acc: 0.9562947932480124, acc_cls: 0.24925002980887218, iu: [0.95629479 0.         0.         0.        ], mean_iu: 0.2390736983120031, fwavacc:0.9172513763534028
2025-01-18 16:04:56,702 - INFO - acc: 0.9563111008758373, acc_cls: 0.24925428025209342, iu: [0.9563111 0.        0.        0.       ], mean_iu: 0.23907777521895932, fwavacc:0.9172670181765864
2025-01-18 16:05:23,319 - INFO - acc: 0.9563208823958073, acc_cls: 0.24925682972131705, iu: [0.95632088 0.         0.         0.        ], mean_iu: 0.23908022059895181, fwavacc:0.917276400338571
2025-01-18 16:05:50,090 - INFO - acc: 0.9562939832158899, acc_cls: 0.2492498186809521, iu: [0.95629398 0.         0.         0.        ], mean_iu: 0.23907349580397247, fwavacc:0.9172505993931135
2025-01-18 16:06:17,281 - INFO - acc: 0.9563306180649024, acc_cls: 0.24925936723990366, iu: [0.95633062 0.         0.         0.        ], mean_iu: 0.2390826545162256, fwavacc:0.9172857385216714
2025-01-18 16:06:43,715 - INFO - acc: 0.9563159916358223, acc_cls: 0.24925555498670524, iu: [0.95631599 0.         0.         0.        ], mean_iu: 0.23907899790895557, fwavacc:0.9172717092575787
2025-01-18 16:07:11,081 - INFO - acc: 0.9563086554958448, acc_cls: 0.24925364288478752, iu: [0.95630866 0.         0.         0.        ], mean_iu: 0.2390771638739612, fwavacc:0.9172646726360902
2025-01-18 16:07:38,229 - INFO - acc: 0.9563013193558674, acc_cls: 0.24925173078286983, iu: [0.95630132 0.         0.         0.        ], mean_iu: 0.23907532983896684, fwavacc:0.917257636014602
2025-01-18 16:08:04,836 - INFO - acc: 0.9563111008758373, acc_cls: 0.24925428025209342, iu: [0.9563111 0.        0.        0.       ], mean_iu: 0.23907777521895932, fwavacc:0.9172670181765864
2025-01-18 16:08:32,615 - INFO - acc: 0.9563062101158524, acc_cls: 0.2492530055174816, iu: [0.95630621 0.         0.         0.        ], mean_iu: 0.2390765525289631, fwavacc:0.9172623270955943
2025-01-18 16:09:01,905 - INFO - acc: 0.9563086554958448, acc_cls: 0.24925364288478752, iu: [0.95630866 0.         0.         0.        ], mean_iu: 0.2390771638739612, fwavacc:0.9172646726360902
2025-01-18 16:09:29,191 - INFO - acc: 0.9562548571360101, acc_cls: 0.24923962080405765, iu: [0.95625486 0.         0.         0.        ], mean_iu: 0.23906371428400253, fwavacc:0.9172130707451751
2025-01-18 16:09:56,953 - INFO - acc: 0.9563477815757246, acc_cls: 0.24926384076168198, iu: [0.95634778 0.         0.         0.        ], mean_iu: 0.23908694539393116, fwavacc:0.9173022012840287
2025-01-18 16:10:24,623 - INFO - acc: 0.9563332315647693, acc_cls: 0.24943485662509832, iu: [9.56363098e-01 4.54364101e-04 7.81336128e-05 8.36942649e-05], mean_iu: 0.23924482245917678, fwavacc:0.9173252463543327
2025-01-18 16:10:53,106 - INFO - acc: 0.9589272448099255, acc_cls: 0.24994008381069763, iu: [9.58927646e-01 1.22080880e-05 0.00000000e+00 3.51048406e-06], mean_iu: 0.23973584123965183, fwavacc:0.919776946915136
2025-01-18 16:11:20,670 - INFO - acc: 0.9590630245340084, acc_cls: 0.2499715455333371, iu: [0.95906302 0.         0.         0.        ], mean_iu: 0.2397657561335021, fwavacc:0.9199065868335522
2025-01-18 16:11:47,836 - INFO - acc: 0.9591625056488278, acc_cls: 0.24999747443205037, iu: [0.95916251 0.         0.         0.        ], mean_iu: 0.23979062641220694, fwavacc:0.920002006352861
2025-01-18 16:12:15,027 - INFO - acc: 0.959172195467048, acc_cls: 0.25, iu: [0.9591722 0.        0.        0.       ], mean_iu: 0.239793048866762, fwavacc:0.9200113005570769
2025-01-18 16:12:43,037 - INFO - acc: 0.959172195467048, acc_cls: 0.25, iu: [0.9591722 0.        0.        0.       ], mean_iu: 0.239793048866762, fwavacc:0.9200113005570769
2025-01-18 16:13:11,532 - INFO - acc: 0.959172195467048, acc_cls: 0.25, iu: [0.9591722 0.        0.        0.       ], mean_iu: 0.239793048866762, fwavacc:0.9200113005570769
2025-01-18 16:13:39,217 - INFO - acc: 0.959172195467048, acc_cls: 0.25, iu: [0.9591722 0.        0.        0.       ], mean_iu: 0.239793048866762, fwavacc:0.9200113005570769
2025-01-18 16:14:06,416 - INFO - acc: 0.959172195467048, acc_cls: 0.25, iu: [0.9591722 0.        0.        0.       ], mean_iu: 0.239793048866762, fwavacc:0.9200113005570769
2025-01-18 16:14:34,895 - INFO - acc: 0.959172195467048, acc_cls: 0.25, iu: [0.9591722 0.        0.        0.       ], mean_iu: 0.239793048866762, fwavacc:0.9200113005570769
2025-01-18 16:15:03,534 - INFO - acc: 0.959172195467048, acc_cls: 0.25, iu: [0.9591722 0.        0.        0.       ], mean_iu: 0.239793048866762, fwavacc:0.9200113005570769
2025-01-18 16:15:29,220 - INFO - acc: 0.959172195467048, acc_cls: 0.25, iu: [0.9591722 0.        0.        0.       ], mean_iu: 0.239793048866762, fwavacc:0.9200113005570769
2025-01-18 16:15:57,108 - INFO - acc: 0.959172195467048, acc_cls: 0.25, iu: [0.9591722 0.        0.        0.       ], mean_iu: 0.239793048866762, fwavacc:0.9200113005570769
2025-01-18 16:16:24,359 - INFO - acc: 0.959172195467048, acc_cls: 0.25, iu: [0.9591722 0.        0.        0.       ], mean_iu: 0.239793048866762, fwavacc:0.9200113005570769
2025-01-18 16:16:52,540 - INFO - acc: 0.959172195467048, acc_cls: 0.25, iu: [0.9591722 0.        0.        0.       ], mean_iu: 0.239793048866762, fwavacc:0.9200113005570769
2025-01-18 16:17:20,536 - INFO - acc: 0.959172195467048, acc_cls: 0.25, iu: [0.9591722 0.        0.        0.       ], mean_iu: 0.239793048866762, fwavacc:0.9200113005570769
2025-01-18 16:17:47,182 - INFO - acc: 0.959172195467048, acc_cls: 0.25, iu: [0.9591722 0.        0.        0.       ], mean_iu: 0.239793048866762, fwavacc:0.9200113005570769
2025-01-18 16:18:14,596 - INFO - acc: 0.959172195467048, acc_cls: 0.25, iu: [0.9591722 0.        0.        0.       ], mean_iu: 0.239793048866762, fwavacc:0.9200113005570769
2025-01-18 16:18:42,073 - INFO - acc: 0.959172195467048, acc_cls: 0.25, iu: [0.9591722 0.        0.        0.       ], mean_iu: 0.239793048866762, fwavacc:0.9200113005570769
2025-01-18 16:19:11,101 - INFO - acc: 0.959172195467048, acc_cls: 0.25, iu: [0.9591722 0.        0.        0.       ], mean_iu: 0.239793048866762, fwavacc:0.9200113005570769
2025-01-18 16:19:39,244 - INFO - acc: 0.959172195467048, acc_cls: 0.25, iu: [0.9591722 0.        0.        0.       ], mean_iu: 0.239793048866762, fwavacc:0.9200113005570769
2025-01-18 16:20:07,084 - INFO - acc: 0.959172195467048, acc_cls: 0.25, iu: [0.9591722 0.        0.        0.       ], mean_iu: 0.239793048866762, fwavacc:0.9200113005570769
2025-01-18 16:20:34,717 - INFO - acc: 0.959172195467048, acc_cls: 0.25, iu: [0.9591722 0.        0.        0.       ], mean_iu: 0.239793048866762, fwavacc:0.9200113005570769
2025-01-18 16:21:03,656 - INFO - acc: 0.959172195467048, acc_cls: 0.25, iu: [0.9591722 0.        0.        0.       ], mean_iu: 0.239793048866762, fwavacc:0.9200113005570769
2025-01-18 16:21:31,257 - INFO - acc: 0.9591721801834231, acc_cls: 0.24999999601645434, iu: [0.95917218 0.         0.         0.        ], mean_iu: 0.23979304504585577, fwavacc:0.9200112858974488
2025-01-18 16:21:59,225 - INFO - acc: 0.959172195467048, acc_cls: 0.25, iu: [0.9591722 0.        0.        0.       ], mean_iu: 0.239793048866762, fwavacc:0.9200113005570769
2025-01-18 16:22:27,328 - INFO - acc: 0.959172195467048, acc_cls: 0.25, iu: [0.9591722 0.        0.        0.       ], mean_iu: 0.239793048866762, fwavacc:0.9200113005570769
2025-01-18 16:22:55,411 - INFO - acc: 0.959172195467048, acc_cls: 0.25, iu: [0.9591722 0.        0.        0.       ], mean_iu: 0.239793048866762, fwavacc:0.9200113005570769
2025-01-18 16:23:23,455 - INFO - acc: 0.959172195467048, acc_cls: 0.25, iu: [0.9591722 0.        0.        0.       ], mean_iu: 0.239793048866762, fwavacc:0.9200113005570769
